<?xml version="1.0" encoding="UTF-8"?>
<!-- Generated by org.testng.reporters.JUnitReportReporter -->
<testsuite skipped="0" hostname="hp-PC" name="com.yourlogo.pages.Invalidemail" tests="1" failures="0" timestamp="22 Sep 2018 10:12:08 GMT" time="18.056" errors="0">
  <testcase name="test" time="18.056" classname="com.yourlogo.pages.Invalidemail"/>
</testsuite> <!-- com.yourlogo.pages.Invalidemail -->
