<?xml version="1.0" encoding="UTF-8"?>
<!-- Generated by org.testng.reporters.JUnitReportReporter -->
<testsuite skipped="0" hostname="hp-PC" name="com.amazon.test.ProductSort" tests="1" failures="0" timestamp="17 Dec 2018 15:13:29 GMT" time="28.250" errors="0">
  <testcase name="LowestPrice" time="28.250" classname="com.amazon.test.ProductSort"/>
</testsuite> <!-- com.amazon.test.ProductSort -->
